<?xml version="1.0" encoding="UTF-8"?>
<!-- Generated by org.testng.reporters.JUnitReportReporter -->
<testsuite skipped="0" hostname="SARAVANANR" name="ArisePackage.Demo3" tests="1" failures="0" timestamp="2021-09-09T16:51:16 IST" time="20.767" errors="0">
  <testcase name="TC002" time="20.767" classname="ArisePackage.Demo3"/>
  <system-out/>
</testsuite> <!-- ArisePackage.Demo3 -->
