<?xml version="1.0" encoding="UTF-8"?>
<!-- Generated by org.testng.reporters.JUnitReportReporter -->
<testsuite skipped="0" hostname="SARAVANANR" name="POMDemo.GoogleTest" tests="1" failures="0" timestamp="2021-09-09T17:44:37 IST" time="18.992" errors="0">
  <testcase name="GoogleTC" time="18.992" classname="POMDemo.GoogleTest"/>
  <system-out/>
</testsuite> <!-- POMDemo.GoogleTest -->
