<?xml version="1.0" encoding="UTF-8"?>
<!-- Generated by org.testng.reporters.JUnitReportReporter -->
<testsuite skipped="0" hostname="SARAVANANR" name="ArisePackage.Demo1" tests="1" failures="0" timestamp="2021-09-09T16:35:03 IST" time="11.007" errors="0">
  <testcase name="TS002" time="11.007" classname="ArisePackage.Demo1"/>
  <system-out/>
</testsuite> <!-- ArisePackage.Demo1 -->
