<?xml version="1.0" encoding="UTF-8"?>
<!-- Generated by org.testng.reporters.JUnitReportReporter -->
<testsuite skipped="0" hostname="SARAVANANR" name="com.ind.arise.SeleniumArise.TestNGDemo2" tests="1" failures="0" timestamp="2021-09-09T15:02:16 IST" time="18.327" errors="0">
  <testcase name="TS001" time="18.327" classname="com.ind.arise.SeleniumArise.TestNGDemo2"/>
  <system-out/>
</testsuite> <!-- com.ind.arise.SeleniumArise.TestNGDemo2 -->
