<?xml version="1.0" encoding="UTF-8"?>
<!-- Generated by org.testng.reporters.JUnitReportReporter -->
<testsuite skipped="0" hostname="SARAVANANR" name="ArisePackage.TestNGDemo2" tests="1" failures="0" timestamp="2021-09-09T15:34:46 IST" time="9.034" errors="0">
  <testcase name="TS001" time="9.034" classname="ArisePackage.TestNGDemo2"/>
  <system-out/>
</testsuite> <!-- ArisePackage.TestNGDemo2 -->
