<?xml version="1.0" encoding="UTF-8"?>
<!-- Generated by org.testng.reporters.JUnitReportReporter -->
<testsuite skipped="0" hostname="SARAVANANR" name="com.ind.arise.SeleniumArise.TestNGDemo1" tests="2" failures="0" timestamp="2021-09-09T15:00:17 IST" time="0.023" errors="0">
  <testcase name="Signout" time="0.003" classname="com.ind.arise.SeleniumArise.TestNGDemo1"/>
  <system-out/>
  <testcase name="Login" time="0.020" classname="com.ind.arise.SeleniumArise.TestNGDemo1"/>
  <system-out/>
</testsuite> <!-- com.ind.arise.SeleniumArise.TestNGDemo1 -->
